2024-05-12T18:22:15.194Z info: GET / 200 - {"success":true,"message":"List of peer nodes.","data":[]}
2024-05-12T18:22:17.703Z info: POST /register-member 201 - {"success":true,"message":"","data":{"message":"Node http://localhost:5003 registered successfully and synced with the network."}}
2024-05-12T18:22:22.352Z info: POST /transaction/broadcast 201 - {"success":true,"message":"Transaction created and broadcasted","data":{"transaction":{"amount":1,"sender":"Mikael","recipient":"Angela","transactionId":"d58840b96c5146f6980a006f5a7696d4"},"blockIndex":2}}
2024-05-12T18:22:22.386Z info: POST /transaction 201 - {"success":true,"message":"Transaction created","data":{"transaction":{"amount":1,"sender":"Mikael","recipient":"Angela","transactionId":"d58840b96c5146f6980a006f5a7696d4"},"blockIndex":2}}
2024-05-12T18:22:25.639Z info: GET / 200 - {"success":true,"message":"Blockchain retrieved successfully.","data":{"chain":[{"timestamp":1715538133366,"index":1,"currentHash":"576b48557b5b4cf6094f336709156db153ce9cb1ad9c221d764179a521f081a2","previousHash":"0","data":[],"nonce":1337,"difficulty":2}],"peerNodes":["http://localhost:5003"],"pendingTransactions":[{"amount":1,"sender":"Mikael","recipient":"Angela","transactionId":"d58840b96c5146f6980a006f5a7696d4"}],"nodeUrl":"http://localhost:5001"}}
2024-05-12T18:22:31.359Z error: Failed to update chain: Block is rejected, invalid.
2024-05-12T18:22:31.367Z info: POST /mine 200 - {"success":true,"message":"Block is created and sent to peers","data":{"block":{"timestamp":1715538151356,"index":2,"currentHash":"038a42b1cf0ed771f5a1d1b3e66275adbdc060bb0b92e7c58d4ecd6fba41370f","previousHash":"576b48557b5b4cf6094f336709156db153ce9cb1ad9c221d764179a521f081a2","data":[{"amount":1,"sender":"Mikael","recipient":"Angela","transactionId":"d58840b96c5146f6980a006f5a7696d4"}],"nonce":2,"difficulty":1}}}
2024-05-12T18:36:01.962Z info: GET / 200 - {"success":true,"message":"List of peer nodes.","data":[]}
2024-05-12T18:36:04.096Z info: POST /register-member 201 - {"success":true,"message":"","data":{"message":"Node http://localhost:5003 registered successfully and synced with the network."}}
2024-05-12T18:36:08.299Z info: POST /transaction/broadcast 201 - {"success":true,"message":"Transaction created and broadcasted","data":{"transaction":{"amount":1,"sender":"Mikael","recipient":"Angela","transactionId":"f2921b5a9d294e589594965e7e70a62d"},"blockIndex":2}}
2024-05-12T18:36:08.333Z info: POST /transaction 201 - {"success":true,"message":"Transaction created","data":{"transaction":{"amount":1,"sender":"Mikael","recipient":"Angela","transactionId":"f2921b5a9d294e589594965e7e70a62d"},"blockIndex":2}}
2024-05-12T18:36:11.209Z info: GET / 200 - {"success":true,"message":"Blockchain retrieved successfully.","data":{"chain":[{"timestamp":1715538941290,"index":1,"currentHash":"094a2987d9442bab0bcd07539c3ac7f7ddd0357fb5eff064ed28ba1340e7b4df","previousHash":"0","data":[],"nonce":1337,"difficulty":2}],"peerNodes":["http://localhost:5003"],"pendingTransactions":[{"amount":1,"sender":"Mikael","recipient":"Angela","transactionId":"f2921b5a9d294e589594965e7e70a62d"}],"nodeUrl":"http://localhost:5001"}}
2024-05-12T18:36:14.613Z info: POST /mine 200 - {"success":true,"message":"Block is created and sent to peers","data":{"block":{"timestamp":1715538974607,"index":2,"currentHash":"6c6612786cd7952a03873c3a8e55df98957793e21c6d9e7fb7779cc8de495ad2","previousHash":"094a2987d9442bab0bcd07539c3ac7f7ddd0357fb5eff064ed28ba1340e7b4df","data":[{"amount":1,"sender":"Mikael","recipient":"Angela","transactionId":"f2921b5a9d294e589594965e7e70a62d"}],"nonce":52,"difficulty":1}}}
2024-05-12T18:36:14.610Z error: Failed to update chain: Block is rejected, invalid.
2024-05-12T18:36:29.212Z error: Failed to update chain: Block is rejected, invalid.
2024-05-12T18:36:29.217Z info: POST /mine 200 - {"success":true,"message":"Block is created and sent to peers","data":{"block":{"timestamp":1715538989209,"index":3,"currentHash":"0aefdf51c8d6c58ebb99a361a4d1867843030870758a2e5bc0801855e202ee4e","previousHash":"6c6612786cd7952a03873c3a8e55df98957793e21c6d9e7fb7779cc8de495ad2","data":[],"nonce":36,"difficulty":1}}}
2024-05-12T18:36:32.224Z info: GET / 200 - {"success":true,"message":"Blockchain retrieved successfully.","data":{"chain":[{"timestamp":1715538941290,"index":1,"currentHash":"094a2987d9442bab0bcd07539c3ac7f7ddd0357fb5eff064ed28ba1340e7b4df","previousHash":"0","data":[],"nonce":1337,"difficulty":2},{"timestamp":1715538974607,"index":2,"currentHash":"6c6612786cd7952a03873c3a8e55df98957793e21c6d9e7fb7779cc8de495ad2","previousHash":"094a2987d9442bab0bcd07539c3ac7f7ddd0357fb5eff064ed28ba1340e7b4df","data":[{"amount":1,"sender":"Mikael","recipient":"Angela","transactionId":"f2921b5a9d294e589594965e7e70a62d"}],"nonce":52,"difficulty":1},{"timestamp":1715538989209,"index":3,"currentHash":"0aefdf51c8d6c58ebb99a361a4d1867843030870758a2e5bc0801855e202ee4e","previousHash":"6c6612786cd7952a03873c3a8e55df98957793e21c6d9e7fb7779cc8de495ad2","data":[],"nonce":36,"difficulty":1}],"peerNodes":["http://localhost:5003"],"pendingTransactions":[],"nodeUrl":"http://localhost:5001"}}
2024-05-12T18:41:58.471Z info: POST /register-member 201 - {"success":true,"message":"","data":{"message":"Node http://localhost:5003 registered successfully and synced with the network."}}
2024-05-12T18:42:00.881Z info: GET / 200 - {"success":true,"message":"List of peer nodes.","data":["http://localhost:5003"]}
2024-05-12T18:42:04.140Z info: GET / 200 - {"success":true,"message":"Blockchain retrieved successfully.","data":{"chain":[{"timestamp":1715539176731,"index":1,"currentHash":"9da388736ee72da369d9552aaf57216f467b6727976e6f03a3b4192098c9cdfa","previousHash":"0","data":[],"nonce":1337,"difficulty":2}],"peerNodes":["http://localhost:5003"],"pendingTransactions":[],"nodeUrl":"http://localhost:5001"}}
2024-05-12T19:09:28.677Z error: Failed to load blockchain: ENOENT: no such file or directory, open '/home/digislinger/DevArea/Node/inlämningsuppgifter/nodejs-handin-1/data/blockchain.json'
2024-05-12T19:09:28.681Z error: Failed to load blockchain: ENOENT: no such file or directory, open '/home/digislinger/DevArea/Node/inlämningsuppgifter/nodejs-handin-1/data/blockchain.json'
2024-05-12T19:09:28.702Z error: Failed to load blockchain: ENOENT: no such file or directory, open '/home/digislinger/DevArea/Node/inlämningsuppgifter/nodejs-handin-1/data/blockchain.json'
2024-05-12T19:09:29.337Z error: Failed to load blockchain: ENOENT: no such file or directory, open '/home/digislinger/DevArea/Node/inlämningsuppgifter/nodejs-handin-1/data/blockchain.json'
2024-05-12T19:09:29.352Z error: Failed to load blockchain: ENOENT: no such file or directory, open '/home/digislinger/DevArea/Node/inlämningsuppgifter/nodejs-handin-1/data/blockchain.json'
2024-05-12T19:09:29.365Z error: Failed to load blockchain: ENOENT: no such file or directory, open '/home/digislinger/DevArea/Node/inlämningsuppgifter/nodejs-handin-1/data/blockchain.json'
2024-05-12T19:09:37.401Z info: GET / 200 - {"success":true,"message":"List of peer nodes.","data":[]}
2024-05-12T19:09:40.197Z info: POST /register-member 201 - {"success":true,"message":"","data":{"message":"Node http://localhost:5003 registered successfully and synced with the network."}}
2024-05-12T19:09:42.401Z info: GET / 200 - {"success":true,"message":"List of peer nodes.","data":["http://localhost:5003"]}
2024-05-12T19:09:47.057Z info: GET / 200 - {"success":true,"message":"Blockchain retrieved successfully.","data":{"chain":[{"timestamp":1715540969280,"index":1,"currentHash":"428026332433a96e266cb232e7886f00792d8b5b145c373476be6aae71834043","previousHash":"0","data":[],"nonce":1337,"difficulty":2}],"peerNodes":["http://localhost:5003"],"pendingTransactions":[],"nodeUrl":"http://localhost:5001"}}
2024-05-12T19:09:51.846Z info: POST /transaction/broadcast 201 - {"success":true,"message":"Transaction created and broadcasted","data":{"transaction":{"amount":1,"sender":"Mikael","recipient":"Angela","transactionId":"a4761e512388451cb1232894d94dfb77"},"blockIndex":2}}
2024-05-12T19:09:51.883Z info: POST /transaction 201 - {"success":true,"message":"Transaction created","data":{"transaction":{"amount":1,"sender":"Mikael","recipient":"Angela","transactionId":"a4761e512388451cb1232894d94dfb77"},"blockIndex":2}}
2024-05-12T19:10:01.415Z error: Failed to create block: ENOENT: no such file or directory, open '/home/digislinger/DevArea/Node/inlämningsuppgifter/nodejs-handin-1/data/blockchain.json'
2024-05-12T19:15:32.760Z error: Failed to load blockchain: ENOENT: no such file or directory, open '/home/digislinger/DevArea/Node/inlämningsuppgifter/nodejs-handin-1/data/blockchain.json'
2024-05-12T19:15:39.712Z info: GET / 200 - {"success":true,"message":"Blockchain retrieved successfully.","data":{"chain":[{"timestamp":1715541332705,"index":1,"currentHash":"deb65d7d537d51c01a7fd4d2c9c56bb57ec0b9aa087ead750d56575c2139991a","previousHash":"0","data":[],"nonce":1337,"difficulty":2}],"peerNodes":[],"pendingTransactions":[],"nodeUrl":"http://localhost:5001"}}
2024-05-12T19:15:44.678Z error: Failed to create block: ENOENT: no such file or directory, open '/home/digislinger/DevArea/Node/inlämningsuppgifter/nodejs-handin-1/data/blockchain.json'
2024-05-12T19:16:00.759Z error: Failed to load blockchain: ENOENT: no such file or directory, open '/home/digislinger/DevArea/Node/inlämningsuppgifter/nodejs-handin-1/data/blockchain.json'
2024-05-12T19:16:00.758Z error: Failed to load blockchain: ENOENT: no such file or directory, open '/home/digislinger/DevArea/Node/inlämningsuppgifter/nodejs-handin-1/data/blockchain.json'
2024-05-12T19:16:00.760Z error: Failed to load blockchain: ENOENT: no such file or directory, open '/home/digislinger/DevArea/Node/inlämningsuppgifter/nodejs-handin-1/data/blockchain.json'
2024-05-12T19:16:02.507Z info: POST /mine 200 - {"success":true,"message":"Block is created and sent to peers","data":{"block":{"timestamp":1715541362505,"index":2,"currentHash":"04d0fb0a28ed18b1d7e2e4009f60e80e01ad44cfefd3259ab6fc8acbe9ed63c3","previousHash":"30fc85186a4962bbf24f4ad710c577a323690084c857d26915c7f5984e8377a8","data":[],"nonce":32,"difficulty":1}}}
2024-05-12T19:16:05.593Z info: POST /mine 200 - {"success":true,"message":"Block is created and sent to peers","data":{"block":{"timestamp":1715541365593,"index":3,"currentHash":"073e02f0489f320e360612781c5cfde941d147c23bb370e1ba3af3affc4c7e3c","previousHash":"04d0fb0a28ed18b1d7e2e4009f60e80e01ad44cfefd3259ab6fc8acbe9ed63c3","data":[],"nonce":15,"difficulty":1}}}
2024-05-12T19:16:50.492Z info: GET / 200 - {"success":true,"message":"Blockchain retrieved successfully.","data":{"chain":[{"timestamp":1715541360702,"index":1,"currentHash":"30fc85186a4962bbf24f4ad710c577a323690084c857d26915c7f5984e8377a8","previousHash":"0","data":[],"nonce":1337,"difficulty":2},{"timestamp":1715541362505,"index":2,"currentHash":"04d0fb0a28ed18b1d7e2e4009f60e80e01ad44cfefd3259ab6fc8acbe9ed63c3","previousHash":"30fc85186a4962bbf24f4ad710c577a323690084c857d26915c7f5984e8377a8","data":[],"nonce":32,"difficulty":1},{"timestamp":1715541365593,"index":3,"currentHash":"073e02f0489f320e360612781c5cfde941d147c23bb370e1ba3af3affc4c7e3c","previousHash":"04d0fb0a28ed18b1d7e2e4009f60e80e01ad44cfefd3259ab6fc8acbe9ed63c3","data":[],"nonce":15,"difficulty":1}],"peerNodes":[],"pendingTransactions":[],"nodeUrl":"http://localhost:5001"}}
2024-05-12T19:22:48.661Z error: Failed to load blockchain: ENOENT: no such file or directory, open '/home/digislinger/DevArea/Node/inlämningsuppgifter/nodejs-handin-1/data/blockchain.json'
2024-05-12T19:22:48.668Z error: Failed to load blockchain: ENOENT: no such file or directory, open '/home/digislinger/DevArea/Node/inlämningsuppgifter/nodejs-handin-1/data/blockchain.json'
2024-05-12T19:22:48.717Z error: Failed to load blockchain: ENOENT: no such file or directory, open '/home/digislinger/DevArea/Node/inlämningsuppgifter/nodejs-handin-1/data/blockchain.json'
2024-05-12T19:22:57.350Z error: Failed to load blockchain: ENOENT: no such file or directory, open '/home/digislinger/DevArea/Node/inlämningsuppgifter/nodejs-handin-1/data/blockchain.json'
2024-05-12T19:22:57.363Z error: Failed to load blockchain: ENOENT: no such file or directory, open '/home/digislinger/DevArea/Node/inlämningsuppgifter/nodejs-handin-1/data/blockchain.json'
2024-05-12T19:22:57.363Z error: Failed to load blockchain: ENOENT: no such file or directory, open '/home/digislinger/DevArea/Node/inlämningsuppgifter/nodejs-handin-1/data/blockchain.json'
2024-05-12T19:23:30.870Z error: Failed to load blockchain: ENOENT: no such file or directory, open '/home/digislinger/DevArea/Node/inlämningsuppgifter/nodejs-handin-1/data/blockchain.json'
2024-05-12T19:23:30.879Z error: Failed to load blockchain: ENOENT: no such file or directory, open '/home/digislinger/DevArea/Node/inlämningsuppgifter/nodejs-handin-1/data/blockchain.json'
2024-05-12T19:23:30.886Z error: Failed to load blockchain: ENOENT: no such file or directory, open '/home/digislinger/DevArea/Node/inlämningsuppgifter/nodejs-handin-1/data/blockchain.json'
2024-05-12T19:23:42.970Z error: Failed to load blockchain: ENOENT: no such file or directory, open '/home/digislinger/DevArea/Node/inlämningsuppgifter/nodejs-handin-1/data/blockchain.json'
2024-05-12T19:23:42.971Z error: Failed to load blockchain: ENOENT: no such file or directory, open '/home/digislinger/DevArea/Node/inlämningsuppgifter/nodejs-handin-1/data/blockchain.json'
2024-05-12T19:23:42.983Z error: Failed to load blockchain: ENOENT: no such file or directory, open '/home/digislinger/DevArea/Node/inlämningsuppgifter/nodejs-handin-1/data/blockchain.json'
2024-05-12T19:23:48.632Z info: GET / 200 - {"success":true,"message":"Blockchain retrieved successfully.","data":{"chain":[{"timestamp":1715541822913,"index":1,"currentHash":"7033920019a475ca5062b7ec705105a7542038ba32978f95e227dd1d0c3d92be","previousHash":"0","data":[],"nonce":1337,"difficulty":2}],"peerNodes":[],"pendingTransactions":[],"nodeUrl":"http://localhost:5001"}}
2024-05-12T19:23:51.524Z error: Failed to create block: ENOENT: no such file or directory, open '/home/digislinger/DevArea/Node/inlämningsuppgifter/nodejs-handin-1/data/blockchain.json'
2024-05-12T19:24:30.391Z error: Failed to load blockchain: ENOENT: no such file or directory, open '/home/digislinger/DevArea/Node/inlämningsuppgifter/nodejs-handin-1/data/blockchain.json'
2024-05-12T19:24:30.400Z error: Failed to load blockchain: ENOENT: no such file or directory, open '/home/digislinger/DevArea/Node/inlämningsuppgifter/nodejs-handin-1/data/blockchain.json'
2024-05-12T19:24:30.393Z error: Failed to load blockchain: ENOENT: no such file or directory, open '/home/digislinger/DevArea/Node/inlämningsuppgifter/nodejs-handin-1/data/blockchain.json'
2024-05-12T19:24:52.446Z error: Failed to load blockchain: ENOENT: no such file or directory, open '/home/digislinger/DevArea/Node/inlämningsuppgifter/nodejs-handin-1/data/blockchain.json'
2024-05-12T19:24:52.444Z error: Failed to load blockchain: ENOENT: no such file or directory, open '/home/digislinger/DevArea/Node/inlämningsuppgifter/nodejs-handin-1/data/blockchain.json'
2024-05-12T19:24:52.474Z error: Failed to load blockchain: ENOENT: no such file or directory, open '/home/digislinger/DevArea/Node/inlämningsuppgifter/nodejs-handin-1/data/blockchain.json'
2024-05-12T19:25:07.475Z info: POST /mine 200 - {"success":true,"message":"Block is created and sent to peers","data":{"block":{"timestamp":1715541907469,"index":2,"currentHash":"0664557ef279206583de2130f33389e837cda2d79c0466fb7f1cd6fdef0fac97","previousHash":"02254b057768912ef5f98f97a8b743273c3c10bfca0a21938f19db9490c36f41","data":[],"nonce":21,"difficulty":1}}}
2024-05-12T19:25:23.942Z info: POST /transaction/broadcast 201 - {"success":true,"message":"Transaction created and broadcasted","data":{"transaction":{"amount":1,"sender":"Mikael","recipient":"Angela","transactionId":"312bed64e74e4e319ddfcf908b697041"},"blockIndex":3}}
2024-05-12T19:25:36.148Z info: POST /transaction/broadcast 201 - {"success":true,"message":"Transaction created and broadcasted","data":{"transaction":{"amount":99,"sender":"Mikael","recipient":"Angela","transactionId":"0b3a020fa564434198d512e592c1023d"},"blockIndex":3}}
2024-05-12T19:25:39.361Z info: GET / 200 - {"success":true,"message":"Blockchain retrieved successfully.","data":{"chain":[{"timestamp":1715541892376,"index":1,"currentHash":"02254b057768912ef5f98f97a8b743273c3c10bfca0a21938f19db9490c36f41","previousHash":"0","data":[],"nonce":1337,"difficulty":2},{"timestamp":1715541907469,"index":2,"currentHash":"0664557ef279206583de2130f33389e837cda2d79c0466fb7f1cd6fdef0fac97","previousHash":"02254b057768912ef5f98f97a8b743273c3c10bfca0a21938f19db9490c36f41","data":[],"nonce":21,"difficulty":1}],"peerNodes":[],"pendingTransactions":[{"amount":1,"sender":"Mikael","recipient":"Angela","transactionId":"312bed64e74e4e319ddfcf908b697041"},{"amount":99,"sender":"Mikael","recipient":"Angela","transactionId":"0b3a020fa564434198d512e592c1023d"}],"nodeUrl":"http://localhost:5001"}}
2024-05-12T19:25:41.832Z info: POST /mine 200 - {"success":true,"message":"Block is created and sent to peers","data":{"block":{"timestamp":1715541941824,"index":3,"currentHash":"0c2fafee27b1f15e86e3b9e293c9bca73690c73677792e6d24b35ce3dbb34093","previousHash":"0664557ef279206583de2130f33389e837cda2d79c0466fb7f1cd6fdef0fac97","data":[{"amount":1,"sender":"Mikael","recipient":"Angela","transactionId":"312bed64e74e4e319ddfcf908b697041"},{"amount":99,"sender":"Mikael","recipient":"Angela","transactionId":"0b3a020fa564434198d512e592c1023d"}],"nonce":3,"difficulty":1}}}
