2024-05-12T18:05:27.419Z info: POST /register-member 201 - {"success":true,"message":"","data":{"message":"Node http://localhost:5002 registered successfully and synced with the network."}}
2024-05-12T18:05:34.366Z info: POST /register-member 201 - {"success":true,"message":"","data":{"message":"Node http://localhost:5003 registered successfully and synced with the network."}}
2024-05-12T18:05:34.385Z info: POST /register-member 201 - {"success":true,"message":"","data":{"message":"Node http://localhost:5003 registered successfully and synced with the network."}}
2024-05-12T18:05:39.918Z info: GET / 200 - {"success":true,"message":"List of peer nodes.","data":["http://localhost:5002","http://localhost:5003"]}
2024-05-12T18:05:46.030Z info: POST /transaction/broadcast 201 - {"success":true,"message":"Transaction created and broadcasted","data":{"transaction":{"amount":99,"sender":"Mikael","recipient":"Angela","transactionId":"c68d501987f44776a1720fae7f851ab2"},"blockIndex":2}}
2024-05-12T18:05:46.038Z info: POST /transaction 201 - {"success":true,"message":"Transaction created","data":{"transaction":{"amount":99,"sender":"Mikael","recipient":"Angela","transactionId":"c68d501987f44776a1720fae7f851ab2"},"blockIndex":2}}
2024-05-12T18:05:46.061Z info: POST /transaction 201 - {"success":true,"message":"Transaction created","data":{"transaction":{"amount":99,"sender":"Mikael","recipient":"Angela","transactionId":"c68d501987f44776a1720fae7f851ab2"},"blockIndex":2}}
2024-05-12T18:05:49.797Z info: POST /transaction/broadcast 201 - {"success":true,"message":"Transaction created and broadcasted","data":{"transaction":{"amount":1,"sender":"Mikael","recipient":"Angela","transactionId":"f41907ffd341486e80a10137815de3a7"},"blockIndex":2}}
2024-05-12T18:05:49.800Z info: POST /transaction 201 - {"success":true,"message":"Transaction created","data":{"transaction":{"amount":1,"sender":"Mikael","recipient":"Angela","transactionId":"f41907ffd341486e80a10137815de3a7"},"blockIndex":2}}
2024-05-12T18:05:49.804Z info: POST /transaction 201 - {"success":true,"message":"Transaction created","data":{"transaction":{"amount":1,"sender":"Mikael","recipient":"Angela","transactionId":"f41907ffd341486e80a10137815de3a7"},"blockIndex":2}}
2024-05-12T18:05:55.058Z info: GET / 200 - {"success":true,"message":"Blockchain retrieved successfully.","data":{"chain":[{"timestamp":1715537113217,"index":1,"currentHash":"bd3270b5764dba0d8389b629d6a0ec0b36ada76aaf4602d64542df3345372ac6","previousHash":"0","data":[],"nonce":1337,"difficulty":2}],"peerNodes":["http://localhost:5002","http://localhost:5003"],"pendingTransactions":[{"amount":99,"sender":"Mikael","recipient":"Angela","transactionId":"c68d501987f44776a1720fae7f851ab2"},{"amount":1,"sender":"Mikael","recipient":"Angela","transactionId":"f41907ffd341486e80a10137815de3a7"}],"nodeUrl":"http://localhost:5001"}}
2024-05-12T18:06:04.163Z error: Failed to update chain: Block is rejected, invalid.
2024-05-12T18:06:04.167Z info: POST /mine 200 - {"success":true,"message":"Block is created and sent to peers","data":{"block":{"timestamp":1715537164160,"index":2,"currentHash":"06cf73aa1a7813747768e27ab001b1cc7dd71204077e8a8a08038b0914d266b5","previousHash":"bd3270b5764dba0d8389b629d6a0ec0b36ada76aaf4602d64542df3345372ac6","data":[{"amount":99,"sender":"Mikael","recipient":"Angela","transactionId":"c68d501987f44776a1720fae7f851ab2"},{"amount":1,"sender":"Mikael","recipient":"Angela","transactionId":"f41907ffd341486e80a10137815de3a7"}],"nonce":19,"difficulty":1}}}
2024-05-12T18:06:04.164Z error: Failed to update chain: Block is rejected, invalid.
2024-05-12T18:07:05.421Z info: GET / 200 - {"success":true,"message":"Blockchain retrieved successfully.","data":{"chain":[{"timestamp":1715537113217,"index":1,"currentHash":"bd3270b5764dba0d8389b629d6a0ec0b36ada76aaf4602d64542df3345372ac6","previousHash":"0","data":[],"nonce":1337,"difficulty":2},{"timestamp":1715537164160,"index":2,"currentHash":"06cf73aa1a7813747768e27ab001b1cc7dd71204077e8a8a08038b0914d266b5","previousHash":"bd3270b5764dba0d8389b629d6a0ec0b36ada76aaf4602d64542df3345372ac6","data":[{"amount":99,"sender":"Mikael","recipient":"Angela","transactionId":"c68d501987f44776a1720fae7f851ab2"},{"amount":1,"sender":"Mikael","recipient":"Angela","transactionId":"f41907ffd341486e80a10137815de3a7"}],"nonce":19,"difficulty":1}],"peerNodes":["http://localhost:5002","http://localhost:5003"],"pendingTransactions":[],"nodeUrl":"http://localhost:5001"}}
2024-05-12T18:07:09.152Z error: Failed to update chain: Block is rejected, invalid.
2024-05-12T18:07:09.153Z error: Failed to update chain: Block is rejected, invalid.
2024-05-12T18:07:09.157Z info: POST /mine 200 - {"success":true,"message":"Block is created and sent to peers","data":{"block":{"timestamp":1715537229149,"index":3,"currentHash":"02e42daeb6545a92dfdf2f2f3c434514fcab542808bf3a759cdd5103a75d928c","previousHash":"06cf73aa1a7813747768e27ab001b1cc7dd71204077e8a8a08038b0914d266b5","data":[],"nonce":7,"difficulty":1}}}
2024-05-12T18:07:13.468Z error: Failed to update chain: Block is rejected, invalid.
2024-05-12T18:07:13.468Z error: Failed to update chain: Block is rejected, invalid.
2024-05-12T18:07:13.474Z info: POST /mine 200 - {"success":true,"message":"Block is created and sent to peers","data":{"block":{"timestamp":1715537233465,"index":4,"currentHash":"015734d7ea69d188e5c9e57118ff17bb493d7e95ae0b8369fbf53246fc7814a6","previousHash":"02e42daeb6545a92dfdf2f2f3c434514fcab542808bf3a759cdd5103a75d928c","data":[],"nonce":12,"difficulty":1}}}
